# JRE version: OpenJDK Runtime Environment (14.0.1+7) (build 14.0.1+7)
# Java VM: OpenJDK 64-Bit Server VM (14.0.1+7, mixed mode, sharing, tiered, compressed oops, g1 gc, linux-amd64)
Heap:
 garbage-first heap   total 58368K, used 17159K [0x000000077e800000, 0x0000000800000000)
  region size 1024K, 1 young (1024K), 0 survivors (0K)
 Metaspace       used 35588K, capacity 36859K, committed 37116K, reserved 1081344K
  class space    used 4858K, capacity 5308K, committed 5376K, reserved 1048576K
GC Heap History (20 events):
Event: 243.030 GC heap before
{Heap before GC invocations=25 (full 13):
 garbage-first heap   total 58368K, used 17344K [0x000000077e800000, 0x0000000800000000)
  region size 1024K, 1 young (1024K), 0 survivors (0K)
 Metaspace       used 35576K, capacity 36841K, committed 37116K, reserved 1081344K
  class space    used 4857K, capacity 5305K, committed 5376K, reserved 1048576K
}
Event: 243.095 GC heap after
{Heap after GC invocations=26 (full 14):
 garbage-first heap   total 58368K, used 17241K [0x000000077e800000, 0x0000000800000000)
  region size 1024K, 0 young (0K), 0 survivors (0K)
 Metaspace       used 35576K, capacity 36841K, committed 37116K, reserved 1081344K
  class space    used 4857K, capacity 5305K, committed 5376K, reserved 1048576K
}
Event: 244.877 GC heap before
{Heap before GC invocations=26 (full 14):
 garbage-first heap   total 58368K, used 17241K [0x000000077e800000, 0x0000000800000000)
  region size 1024K, 1 young (1024K), 0 survivors (0K)
 Metaspace       used 35577K, capacity 36841K, committed 37116K, reserved 1081344K
  class space    used 4857K, capacity 5305K, committed 5376K, reserved 1048576K
}
Event: 244.953 GC heap after
{Heap after GC invocations=27 (full 15):
 garbage-first heap   total 58368K, used 17151K [0x000000077e800000, 0x0000000800000000)
  region size 1024K, 0 young (0K), 0 survivors (0K)
 Metaspace       used 35577K, capacity 36841K, committed 37116K, reserved 1081344K
  class space    used 4857K, capacity 5305K, committed 5376K, reserved 1048576K
}
Event: 277.897 GC heap before
{Heap before GC invocations=27 (full 15):
 garbage-first heap   total 58368K, used 17151K [0x000000077e800000, 0x0000000800000000)
  region size 1024K, 1 young (1024K), 0 survivors (0K)
 Metaspace       used 35577K, capacity 36841K, committed 37116K, reserved 1081344K
  class space    used 4857K, capacity 5305K, committed 5376K, reserved 1048576K
}
Event: 278.050 GC heap after
{Heap after GC invocations=28 (full 16):
 garbage-first heap   total 58368K, used 17152K [0x000000077e800000, 0x0000000800000000)
  region size 1024K, 0 young (0K), 0 survivors (0K)
 Metaspace       used 35577K, capacity 36841K, committed 37116K, reserved 1081344K
  class space    used 4857K, capacity 5305K, committed 5376K, reserved 1048576K
}
Event: 289.046 GC heap before
{Heap before GC invocations=28 (full 16):
 garbage-first heap   total 58368K, used 17152K [0x000000077e800000, 0x0000000800000000)
  region size 1024K, 1 young (1024K), 0 survivors (0K)
 Metaspace       used 35577K, capacity 36841K, committed 37116K, reserved 1081344K
  class space    used 4857K, capacity 5305K, committed 5376K, reserved 1048576K
}
Event: 289.106 GC heap after
{Heap after GC invocations=29 (full 17):
 garbage-first heap   total 58368K, used 17152K [0x000000077e800000, 0x0000000800000000)
  region size 1024K, 0 young (0K), 0 survivors (0K)
 Metaspace       used 35577K, capacity 36841K, committed 37116K, reserved 1081344K
  class space    used 4857K, capacity 5305K, committed 5376K, reserved 1048576K
}
Event: 309.303 GC heap before
{Heap before GC invocations=29 (full 17):
 garbage-first heap   total 58368K, used 17152K [0x000000077e800000, 0x0000000800000000)
  region size 1024K, 1 young (1024K), 0 survivors (0K)
 Metaspace       used 35577K, capacity 36841K, committed 37116K, reserved 1081344K
  class space    used 4857K, capacity 5305K, committed 5376K, reserved 1048576K
}
Event: 309.369 GC heap after
{Heap after GC invocations=30 (full 18):
 garbage-first heap   total 58368K, used 17151K [0x000000077e800000, 0x0000000800000000)
  region size 1024K, 0 young (0K), 0 survivors (0K)
 Metaspace       used 35577K, capacity 36841K, committed 37116K, reserved 1081344K
  class space    used 4857K, capacity 5305K, committed 5376K, reserved 1048576K
}
Event: 310.770 GC heap before
{Heap before GC invocations=30 (full 18):
 garbage-first heap   total 58368K, used 17151K [0x000000077e800000, 0x0000000800000000)
  region size 1024K, 1 young (1024K), 0 survivors (0K)
 Metaspace       used 35577K, capacity 36841K, committed 37116K, reserved 1081344K
  class space    used 4857K, capacity 5305K, committed 5376K, reserved 1048576K
}
Event: 310.825 GC heap after
{Heap after GC invocations=31 (full 19):
 garbage-first heap   total 58368K, used 17156K [0x000000077e800000, 0x0000000800000000)
  region size 1024K, 0 young (0K), 0 survivors (0K)
 Metaspace       used 35577K, capacity 36841K, committed 37116K, reserved 1081344K
  class space    used 4857K, capacity 5305K, committed 5376K, reserved 1048576K
}
Event: 311.711 GC heap before
{Heap before GC invocations=31 (full 19):
 garbage-first heap   total 58368K, used 17156K [0x000000077e800000, 0x0000000800000000)
  region size 1024K, 1 young (1024K), 0 survivors (0K)
 Metaspace       used 35577K, capacity 36841K, committed 37116K, reserved 1081344K
  class space    used 4857K, capacity 5305K, committed 5376K, reserved 1048576K
}
Event: 311.776 GC heap after
{Heap after GC invocations=32 (full 20):
 garbage-first heap   total 58368K, used 17157K [0x000000077e800000, 0x0000000800000000)
  region size 1024K, 0 young (0K), 0 survivors (0K)
 Metaspace       used 35577K, capacity 36841K, committed 37116K, reserved 1081344K
  class space    used 4857K, capacity 5305K, committed 5376K, reserved 1048576K
}
Event: 319.918 GC heap before
{Heap before GC invocations=32 (full 20):
 garbage-first heap   total 58368K, used 18181K [0x000000077e800000, 0x0000000800000000)
  region size 1024K, 2 young (2048K), 0 survivors (0K)
 Metaspace       used 35588K, capacity 36859K, committed 37116K, reserved 1081344K
  class space    used 4858K, capacity 5308K, committed 5376K, reserved 1048576K
}
Event: 320.020 GC heap after
{Heap after GC invocations=33 (full 21):
 garbage-first heap   total 58368K, used 17349K [0x000000077e800000, 0x0000000800000000)
  region size 1024K, 0 young (0K), 0 survivors (0K)
 Metaspace       used 35588K, capacity 36859K, committed 37116K, reserved 1081344K
  class space    used 4858K, capacity 5308K, committed 5376K, reserved 1048576K
}
Event: 321.330 GC heap before
{Heap before GC invocations=33 (full 21):
 garbage-first heap   total 58368K, used 17349K [0x000000077e800000, 0x0000000800000000)
  region size 1024K, 1 young (1024K), 0 survivors (0K)
 Metaspace       used 35588K, capacity 36859K, committed 37116K, reserved 1081344K
  class space    used 4858K, capacity 5308K, committed 5376K, reserved 1048576K
}
Event: 321.412 GC heap after
{Heap after GC invocations=34 (full 22):
 garbage-first heap   total 58368K, used 17246K [0x000000077e800000, 0x0000000800000000)
  region size 1024K, 0 young (0K), 0 survivors (0K)
 Metaspace       used 35588K, capacity 36859K, committed 37116K, reserved 1081344K
  class space    used 4858K, capacity 5308K, committed 5376K, reserved 1048576K
}
Event: 351.306 GC heap before
{Heap before GC invocations=34 (full 22):
 garbage-first heap   total 58368K, used 17246K [0x000000077e800000, 0x0000000800000000)
  region size 1024K, 1 young (1024K), 0 survivors (0K)
 Metaspace       used 35588K, capacity 36859K, committed 37116K, reserved 1081344K
  class space    used 4858K, capacity 5308K, committed 5376K, reserved 1048576K
}
Event: 351.410 GC heap after
{Heap after GC invocations=35 (full 23):
 garbage-first heap   total 58368K, used 17159K [0x000000077e800000, 0x0000000800000000)
  region size 1024K, 0 young (0K), 0 survivors (0K)
 Metaspace       used 35588K, capacity 36859K, committed 37116K, reserved 1081344K
  class space    used 4858K, capacity 5308K, committed 5376K, reserved 1048576K
}

