# JRE version: OpenJDK Runtime Environment (14.0.1+7) (build 14.0.1+7)
# Java VM: OpenJDK 64-Bit Server VM (14.0.1+7, mixed mode, sharing, tiered, compressed oops, g1 gc, linux-amd64)
Heap:
 garbage-first heap   total 51200K, used 19577K [0x000000077e800000, 0x0000000800000000)
  region size 1024K, 3 young (3072K), 0 survivors (0K)
 Metaspace       used 38859K, capacity 40030K, committed 40320K, reserved 1083392K
  class space    used 5196K, capacity 5662K, committed 5760K, reserved 1048576K
GC Heap History (20 events):
Event: 283.017 GC heap before
{Heap before GC invocations=114 (full 101):
 garbage-first heap   total 51200K, used 18552K [0x000000077e800000, 0x0000000800000000)
  region size 1024K, 3 young (3072K), 0 survivors (0K)
 Metaspace       used 38767K, capacity 39905K, committed 40320K, reserved 1083392K
  class space    used 5179K, capacity 5620K, committed 5760K, reserved 1048576K
}
Event: 283.102 GC heap after
{Heap after GC invocations=115 (full 102):
 garbage-first heap   total 51200K, used 17703K [0x000000077e800000, 0x0000000800000000)
  region size 1024K, 0 young (0K), 0 survivors (0K)
 Metaspace       used 38767K, capacity 39905K, committed 40320K, reserved 1083392K
  class space    used 5179K, capacity 5620K, committed 5760K, reserved 1048576K
}
Event: 283.261 GC heap before
{Heap before GC invocations=115 (full 102):
 garbage-first heap   total 51200K, used 17703K [0x000000077e800000, 0x0000000800000000)
  region size 1024K, 1 young (1024K), 0 survivors (0K)
 Metaspace       used 38767K, capacity 39905K, committed 40320K, reserved 1083392K
  class space    used 5179K, capacity 5620K, committed 5760K, reserved 1048576K
}
Event: 283.329 GC heap after
{Heap after GC invocations=116 (full 103):
 garbage-first heap   total 51200K, used 17528K [0x000000077e800000, 0x0000000800000000)
  region size 1024K, 0 young (0K), 0 survivors (0K)
 Metaspace       used 38767K, capacity 39905K, committed 40320K, reserved 1083392K
  class space    used 5179K, capacity 5620K, committed 5760K, reserved 1048576K
}
Event: 283.614 GC heap before
{Heap before GC invocations=116 (full 103):
 garbage-first heap   total 51200K, used 18552K [0x000000077e800000, 0x0000000800000000)
  region size 1024K, 3 young (3072K), 0 survivors (0K)
 Metaspace       used 38767K, capacity 39905K, committed 40320K, reserved 1083392K
  class space    used 5179K, capacity 5620K, committed 5760K, reserved 1048576K
}
Event: 283.678 GC heap after
{Heap after GC invocations=117 (full 104):
 garbage-first heap   total 51200K, used 17700K [0x000000077e800000, 0x0000000800000000)
  region size 1024K, 0 young (0K), 0 survivors (0K)
 Metaspace       used 38767K, capacity 39905K, committed 40320K, reserved 1083392K
  class space    used 5179K, capacity 5620K, committed 5760K, reserved 1048576K
}
Event: 284.525 GC heap before
{Heap before GC invocations=117 (full 104):
 garbage-first heap   total 51200K, used 17700K [0x000000077e800000, 0x0000000800000000)
  region size 1024K, 1 young (1024K), 0 survivors (0K)
 Metaspace       used 38767K, capacity 39905K, committed 40320K, reserved 1083392K
  class space    used 5179K, capacity 5620K, committed 5760K, reserved 1048576K
}
Event: 284.595 GC heap after
{Heap after GC invocations=118 (full 105):
 garbage-first heap   total 51200K, used 17529K [0x000000077e800000, 0x0000000800000000)
  region size 1024K, 0 young (0K), 0 survivors (0K)
 Metaspace       used 38767K, capacity 39905K, committed 40320K, reserved 1083392K
  class space    used 5179K, capacity 5620K, committed 5760K, reserved 1048576K
}
Event: 288.340 GC heap before
{Heap before GC invocations=118 (full 105):
 garbage-first heap   total 51200K, used 18553K [0x000000077e800000, 0x0000000800000000)
  region size 1024K, 3 young (3072K), 0 survivors (0K)
 Metaspace       used 38767K, capacity 39905K, committed 40320K, reserved 1083392K
  class space    used 5179K, capacity 5620K, committed 5760K, reserved 1048576K
}
Event: 288.424 GC heap after
{Heap after GC invocations=119 (full 106):
 garbage-first heap   total 51200K, used 17697K [0x000000077e800000, 0x0000000800000000)
  region size 1024K, 0 young (0K), 0 survivors (0K)
 Metaspace       used 38767K, capacity 39905K, committed 40320K, reserved 1083392K
  class space    used 5179K, capacity 5620K, committed 5760K, reserved 1048576K
}
Event: 288.581 GC heap before
{Heap before GC invocations=119 (full 106):
 garbage-first heap   total 51200K, used 17697K [0x000000077e800000, 0x0000000800000000)
  region size 1024K, 1 young (1024K), 0 survivors (0K)
 Metaspace       used 38767K, capacity 39905K, committed 40320K, reserved 1083392K
  class space    used 5179K, capacity 5620K, committed 5760K, reserved 1048576K
}
Event: 288.634 GC heap after
{Heap after GC invocations=120 (full 107):
 garbage-first heap   total 51200K, used 17528K [0x000000077e800000, 0x0000000800000000)
  region size 1024K, 0 young (0K), 0 survivors (0K)
 Metaspace       used 38767K, capacity 39905K, committed 40320K, reserved 1083392K
  class space    used 5179K, capacity 5620K, committed 5760K, reserved 1048576K
}
Event: 299.823 GC heap before
{Heap before GC invocations=120 (full 107):
 garbage-first heap   total 51200K, used 20600K [0x000000077e800000, 0x0000000800000000)
  region size 1024K, 5 young (5120K), 0 survivors (0K)
 Metaspace       used 38767K, capacity 39905K, committed 40320K, reserved 1083392K
  class space    used 5179K, capacity 5620K, committed 5760K, reserved 1048576K
}
Event: 299.901 GC heap after
{Heap after GC invocations=121 (full 108):
 garbage-first heap   total 51200K, used 17770K [0x000000077e800000, 0x0000000800000000)
  region size 1024K, 0 young (0K), 0 survivors (0K)
 Metaspace       used 38767K, capacity 39905K, committed 40320K, reserved 1083392K
  class space    used 5179K, capacity 5620K, committed 5760K, reserved 1048576K
}
Event: 300.051 GC heap before
{Heap before GC invocations=121 (full 108):
 garbage-first heap   total 51200K, used 17770K [0x000000077e800000, 0x0000000800000000)
  region size 1024K, 1 young (1024K), 0 survivors (0K)
 Metaspace       used 38767K, capacity 39905K, committed 40320K, reserved 1083392K
  class space    used 5179K, capacity 5620K, committed 5760K, reserved 1048576K
}
Event: 300.108 GC heap after
{Heap after GC invocations=122 (full 109):
 garbage-first heap   total 51200K, used 17527K [0x000000077e800000, 0x0000000800000000)
  region size 1024K, 0 young (0K), 0 survivors (0K)
 Metaspace       used 38767K, capacity 39905K, committed 40320K, reserved 1083392K
  class space    used 5179K, capacity 5620K, committed 5760K, reserved 1048576K
}
Event: 303.579 GC heap before
{Heap before GC invocations=122 (full 109):
 garbage-first heap   total 51200K, used 18551K [0x000000077e800000, 0x0000000800000000)
  region size 1024K, 3 young (3072K), 0 survivors (0K)
 Metaspace       used 38767K, capacity 39905K, committed 40320K, reserved 1083392K
  class space    used 5179K, capacity 5620K, committed 5760K, reserved 1048576K
}
Event: 303.643 GC heap after
{Heap after GC invocations=123 (full 110):
 garbage-first heap   total 51200K, used 17699K [0x000000077e800000, 0x0000000800000000)
  region size 1024K, 0 young (0K), 0 survivors (0K)
 Metaspace       used 38767K, capacity 39905K, committed 40320K, reserved 1083392K
  class space    used 5179K, capacity 5620K, committed 5760K, reserved 1048576K
}
Event: 303.849 GC heap before
{Heap before GC invocations=123 (full 110):
 garbage-first heap   total 51200K, used 17699K [0x000000077e800000, 0x0000000800000000)
  region size 1024K, 1 young (1024K), 0 survivors (0K)
 Metaspace       used 38767K, capacity 39905K, committed 40320K, reserved 1083392K
  class space    used 5179K, capacity 5620K, committed 5760K, reserved 1048576K
}
Event: 303.919 GC heap after
{Heap after GC invocations=124 (full 111):
 garbage-first heap   total 51200K, used 17529K [0x000000077e800000, 0x0000000800000000)
  region size 1024K, 0 young (0K), 0 survivors (0K)
 Metaspace       used 38767K, capacity 39905K, committed 40320K, reserved 1083392K
  class space    used 5179K, capacity 5620K, committed 5760K, reserved 1048576K
}

