# JRE version: OpenJDK Runtime Environment (14.0.1+7) (build 14.0.1+7)
# Java VM: OpenJDK 64-Bit Server VM (14.0.1+7, mixed mode, sharing, tiered, compressed oops, g1 gc, linux-amd64)
Heap:
 garbage-first heap   total 58368K, used 17382K [0x000000077e800000, 0x0000000800000000)
  region size 1024K, 1 young (1024K), 0 survivors (0K)
 Metaspace       used 35889K, capacity 37148K, committed 37376K, reserved 1081344K
  class space    used 4872K, capacity 5340K, committed 5376K, reserved 1048576K
GC Heap History (20 events):
Event: 232.183 GC heap before
{Heap before GC invocations=42 (full 31):
 garbage-first heap   total 58368K, used 17442K [0x000000077e800000, 0x0000000800000000)
  region size 1024K, 1 young (1024K), 0 survivors (0K)
 Metaspace       used 35869K, capacity 37078K, committed 37376K, reserved 1081344K
  class space    used 4871K, capacity 5339K, committed 5376K, reserved 1048576K
}
Event: 232.251 GC heap after
{Heap after GC invocations=43 (full 32):
 garbage-first heap   total 58368K, used 17340K [0x000000077e800000, 0x0000000800000000)
  region size 1024K, 0 young (0K), 0 survivors (0K)
 Metaspace       used 35869K, capacity 37078K, committed 37376K, reserved 1081344K
  class space    used 4871K, capacity 5339K, committed 5376K, reserved 1048576K
}
Event: 234.271 GC heap before
{Heap before GC invocations=43 (full 32):
 garbage-first heap   total 58368K, used 17340K [0x000000077e800000, 0x0000000800000000)
  region size 1024K, 1 young (1024K), 0 survivors (0K)
 Metaspace       used 35869K, capacity 37078K, committed 37376K, reserved 1081344K
  class space    used 4871K, capacity 5339K, committed 5376K, reserved 1048576K
}
Event: 234.336 GC heap after
{Heap after GC invocations=44 (full 33):
 garbage-first heap   total 58368K, used 17296K [0x000000077e800000, 0x0000000800000000)
  region size 1024K, 0 young (0K), 0 survivors (0K)
 Metaspace       used 35869K, capacity 37078K, committed 37376K, reserved 1081344K
  class space    used 4871K, capacity 5339K, committed 5376K, reserved 1048576K
}
Event: 237.878 GC heap before
{Heap before GC invocations=44 (full 33):
 garbage-first heap   total 58368K, used 18320K [0x000000077e800000, 0x0000000800000000)
  region size 1024K, 2 young (2048K), 0 survivors (0K)
 Metaspace       used 35883K, capacity 37142K, committed 37376K, reserved 1081344K
  class space    used 4871K, capacity 5339K, committed 5376K, reserved 1048576K
}
Event: 237.937 GC heap after
{Heap after GC invocations=45 (full 34):
 garbage-first heap   total 58368K, used 17297K [0x000000077e800000, 0x0000000800000000)
  region size 1024K, 0 young (0K), 0 survivors (0K)
 Metaspace       used 35883K, capacity 37142K, committed 37376K, reserved 1081344K
  class space    used 4871K, capacity 5339K, committed 5376K, reserved 1048576K
}
Event: 268.871 GC heap before
{Heap before GC invocations=45 (full 34):
 garbage-first heap   total 58368K, used 17297K [0x000000077e800000, 0x0000000800000000)
  region size 1024K, 1 young (1024K), 0 survivors (0K)
 Metaspace       used 35883K, capacity 37142K, committed 37376K, reserved 1081344K
  class space    used 4871K, capacity 5339K, committed 5376K, reserved 1048576K
}
Event: 268.941 GC heap after
{Heap after GC invocations=46 (full 35):
 garbage-first heap   total 58368K, used 17297K [0x000000077e800000, 0x0000000800000000)
  region size 1024K, 0 young (0K), 0 survivors (0K)
 Metaspace       used 35883K, capacity 37142K, committed 37376K, reserved 1081344K
  class space    used 4871K, capacity 5339K, committed 5376K, reserved 1048576K
}
Event: 308.554 GC heap before
{Heap before GC invocations=46 (full 35):
 garbage-first heap   total 58368K, used 18321K [0x000000077e800000, 0x0000000800000000)
  region size 1024K, 2 young (2048K), 0 survivors (0K)
 Metaspace       used 35884K, capacity 37142K, committed 37376K, reserved 1081344K
  class space    used 4871K, capacity 5339K, committed 5376K, reserved 1048576K
}
Event: 308.625 GC heap after
{Heap after GC invocations=47 (full 36):
 garbage-first heap   total 58368K, used 17296K [0x000000077e800000, 0x0000000800000000)
  region size 1024K, 0 young (0K), 0 survivors (0K)
 Metaspace       used 35884K, capacity 37142K, committed 37376K, reserved 1081344K
  class space    used 4871K, capacity 5339K, committed 5376K, reserved 1048576K
}
Event: 332.182 GC heap before
{Heap before GC invocations=47 (full 36):
 garbage-first heap   total 58368K, used 17296K [0x000000077e800000, 0x0000000800000000)
  region size 1024K, 1 young (1024K), 0 survivors (0K)
 Metaspace       used 35884K, capacity 37142K, committed 37376K, reserved 1081344K
  class space    used 4871K, capacity 5339K, committed 5376K, reserved 1048576K
}
Event: 332.258 GC heap after
{Heap after GC invocations=48 (full 37):
 garbage-first heap   total 58368K, used 17296K [0x000000077e800000, 0x0000000800000000)
  region size 1024K, 0 young (0K), 0 survivors (0K)
 Metaspace       used 35884K, capacity 37142K, committed 37376K, reserved 1081344K
  class space    used 4871K, capacity 5339K, committed 5376K, reserved 1048576K
}
Event: 336.355 GC heap before
{Heap before GC invocations=48 (full 37):
 garbage-first heap   total 58368K, used 17296K [0x000000077e800000, 0x0000000800000000)
  region size 1024K, 1 young (1024K), 0 survivors (0K)
 Metaspace       used 35884K, capacity 37142K, committed 37376K, reserved 1081344K
  class space    used 4871K, capacity 5339K, committed 5376K, reserved 1048576K
}
Event: 336.430 GC heap after
{Heap after GC invocations=49 (full 38):
 garbage-first heap   total 58368K, used 17296K [0x000000077e800000, 0x0000000800000000)
  region size 1024K, 0 young (0K), 0 survivors (0K)
 Metaspace       used 35884K, capacity 37142K, committed 37376K, reserved 1081344K
  class space    used 4871K, capacity 5339K, committed 5376K, reserved 1048576K
}
Event: 347.158 GC heap before
{Heap before GC invocations=49 (full 38):
 garbage-first heap   total 58368K, used 17296K [0x000000077e800000, 0x0000000800000000)
  region size 1024K, 1 young (1024K), 0 survivors (0K)
 Metaspace       used 35884K, capacity 37142K, committed 37376K, reserved 1081344K
  class space    used 4871K, capacity 5339K, committed 5376K, reserved 1048576K
}
Event: 347.218 GC heap after
{Heap after GC invocations=50 (full 39):
 garbage-first heap   total 58368K, used 17296K [0x000000077e800000, 0x0000000800000000)
  region size 1024K, 0 young (0K), 0 survivors (0K)
 Metaspace       used 35884K, capacity 37142K, committed 37376K, reserved 1081344K
  class space    used 4871K, capacity 5339K, committed 5376K, reserved 1048576K
}
Event: 365.011 GC heap before
{Heap before GC invocations=50 (full 39):
 garbage-first heap   total 58368K, used 18320K [0x000000077e800000, 0x0000000800000000)
  region size 1024K, 2 young (2048K), 0 survivors (0K)
 Metaspace       used 35889K, capacity 37148K, committed 37376K, reserved 1081344K
  class space    used 4872K, capacity 5340K, committed 5376K, reserved 1048576K
}
Event: 365.062 GC heap after
{Heap after GC invocations=51 (full 40):
 garbage-first heap   total 58368K, used 17485K [0x000000077e800000, 0x0000000800000000)
  region size 1024K, 0 young (0K), 0 survivors (0K)
 Metaspace       used 35889K, capacity 37148K, committed 37376K, reserved 1081344K
  class space    used 4872K, capacity 5340K, committed 5376K, reserved 1048576K
}
Event: 365.109 GC heap before
{Heap before GC invocations=51 (full 40):
 garbage-first heap   total 58368K, used 17485K [0x000000077e800000, 0x0000000800000000)
  region size 1024K, 1 young (1024K), 0 survivors (0K)
 Metaspace       used 35889K, capacity 37148K, committed 37376K, reserved 1081344K
  class space    used 4872K, capacity 5340K, committed 5376K, reserved 1048576K
}
Event: 365.165 GC heap after
{Heap after GC invocations=52 (full 41):
 garbage-first heap   total 58368K, used 17382K [0x000000077e800000, 0x0000000800000000)
  region size 1024K, 0 young (0K), 0 survivors (0K)
 Metaspace       used 35889K, capacity 37148K, committed 37376K, reserved 1081344K
  class space    used 4872K, capacity 5340K, committed 5376K, reserved 1048576K
}

